Job: 
database_table_namecommoncrawl_directory_name: CC-MAIN-2019-35
database_table_name: linkrundb_35_8_2019_first1_last1
first_wat_file_number: 1
last_wat_file_number1
Total job run time (seconds): 17.7598876953125

Job: 
database_table_namecommoncrawl_directory_name: CC-MAIN-2019-30
database_table_name: linkrundb_30_7_2019_first1_last1
first_wat_file_number: 1
last_wat_file_number1
Total job run time (seconds): 37.90021347999573

Job: 
database_table_namecommoncrawl_directory_name: CC-MAIN-2018-30
database_table_name: linkrundb_30_7_2018_first1_last1
first_wat_file_number: 1
last_wat_file_number1
Total job run time (seconds): 55.42768406867981

Finished automation job.
Time for entire automation run (seconds): 55.42793273925781

